C51 COMPILER V9.60.7.0   SMG                                                               01/30/2026 14:30:52 PAGE 1   


C51 COMPILER V9.60.7.0, COMPILATION OF MODULE SMG
OBJECT MODULE PLACED IN .\Objects\smg.obj
COMPILER INVOKED BY: C:\Keil_v5\C51\BIN\C51.EXE smg.c LARGE OPTIMIZE(8,SPEED) BROWSE DEBUG OBJECTEXTEND PRINT(.\Listings
                    -\smg.lst) TABS(2) OBJECT(.\Objects\smg.obj)

line level    source

   1          #include "smg.h"
   2          #include "public.h"
   3          
   4          
   5          unsigned char gsmg_code[10] = {0x03 , 0x9f , 0x25 , 0x0d , 0x99 , 0x49 , 0x41 , 0x1f , 0x01 , 0x09};
   6          
   7          static DisplayMode current_mode=display_time;
   8          
   9          void SMG_Init(void) {
  10   1          SMG_ADP = 0x00;
  11   1          SEL0 = 1;
  12   1          SEL1 = 1;
  13   1          SEL2 = 1;
  14   1          SEL3 = 1;
  15   1          current_mode = display_time;
  16   1      }


MODULE INFORMATION:   STATIC OVERLAYABLE
   CODE SIZE        =     16    ----
   CONSTANT SIZE    =   ----    ----
   XDATA SIZE       =     11    ----
   PDATA SIZE       =   ----    ----
   DATA SIZE        =   ----    ----
   IDATA SIZE       =   ----    ----
   BIT SIZE         =   ----    ----
END OF MODULE INFORMATION.


C51 COMPILATION COMPLETE.  0 WARNING(S),  0 ERROR(S)
